
2023-09-28 17:30:37,109 - INFO - 自动登录对于用户 18382895614
2023-09-28 17:30:40,267 - INFO - 自动获取18382895614plan_id
2023-09-28 17:30:40,268 - INFO - 用户：18382895614开始签到
2023-09-28 17:30:40,268 - INFO - 开始打卡
2023-09-28 17:30:40,268 - INFO - 用户：18382895614开始补交周报
2023-09-28 17:30:43,823 - INFO - {'code': 200, 'msg': 'success', 'data': [{'isDefault': 1, 'weeks': '第1周', 'startTime': '2023-09-25 00:00:00', 'endTime': '2023-10-01 23:59:59'}, {'isDefault': 0, 'weeks': '第2周', 'startTime': '2023-09-18 00:00:00', 'endTime': '2023-09-24 23:59:59'}, {'isDefault': 0, 'weeks': '第3周', 'startTime': '2023-09-11 00:00:00', 'endTime': '2023-09-17 23:59:59'}, {'isDefault': 0, 'weeks': '第4周', 'startTime': '2023-09-04 00:00:00', 'endTime': '2023-09-10 23:59:59'}, {'isDefault': 0, 'weeks': '第5周', 'startTime': '2023-08-28 00:00:00', 'endTime': '2023-09-03 23:59:59'}, {'isDefault': 0, 'weeks': '第6周', 'startTime': '2023-08-21 00:00:00', 'endTime': '2023-08-27 23:59:59'}, {'isDefault': 0, 'weeks': '第7周', 'startTime': '2023-08-14 00:00:00', 'endTime': '2023-08-20 23:59:59'}, {'isDefault': 0, 'weeks': '第8周', 'startTime': '2023-08-07 00:00:00', 'endTime': '2023-08-13 23:59:59'}, {'isDefault': 0, 'weeks': '第9周', 'startTime': '2023-07-31 00:00:00', 'endTime': '2023-08-06 23:59:59'}, {'isDefault': 0, 'weeks': '第10周', 'startTime': '2023-07-24 00:00:00', 'endTime': '2023-07-30 23:59:59'}, {'isDefault': 0, 'weeks': '第11周', 'startTime': '2023-07-17 00:00:00', 'endTime': '2023-07-23 23:59:59'}, {'isDefault': 0, 'weeks': '第12周', 'startTime': '2023-07-10 00:00:00', 'endTime': '2023-07-16 23:59:59'}, {'isDefault': 0, 'weeks': '第13周', 'startTime': '2023-07-03 00:00:00', 'endTime': '2023-07-09 23:59:59'}, {'isDefault': 0, 'weeks': '第14周', 'startTime': '2023-06-26 00:00:00', 'endTime': '2023-07-02 23:59:59'}, {'isDefault': 0, 'weeks': '第15周', 'startTime': '2023-06-19 00:00:00', 'endTime': '2023-06-25 23:59:59'}, {'isDefault': 0, 'weeks': '第16周', 'startTime': '2023-06-12 00:00:00', 'endTime': '2023-06-18 23:59:59'}, {'isDefault': 0, 'weeks': '第17周', 'startTime': '2023-06-05 00:00:00', 'endTime': '2023-06-11 23:59:59'}, {'isDefault': 0, 'weeks': '第18周', 'startTime': '2023-05-29 00:00:00', 'endTime': '2023-06-04 23:59:59'}], 'flag': 18}
2023-09-28 17:32:26,176 - INFO - 自动登录对于用户 18382895614
2023-09-28 17:32:29,953 - INFO - 自动获取18382895614plan_id
2023-09-28 17:32:29,954 - INFO - 用户：18382895614开始签到
2023-09-28 17:32:29,954 - INFO - 开始打卡
2023-09-28 17:32:29,954 - INFO - 用户：18382895614开始补交周报
2023-09-28 17:32:33,164 - INFO - {'code': 200, 'msg': 'success', 'data': [{'isDefault': 1, 'weeks': '第1周', 'startTime': '2023-09-25 00:00:00', 'endTime': '2023-10-01 23:59:59'}, {'isDefault': 0, 'weeks': '第2周', 'startTime': '2023-09-18 00:00:00', 'endTime': '2023-09-24 23:59:59'}, {'isDefault': 0, 'weeks': '第3周', 'startTime': '2023-09-11 00:00:00', 'endTime': '2023-09-17 23:59:59'}, {'isDefault': 0, 'weeks': '第4周', 'startTime': '2023-09-04 00:00:00', 'endTime': '2023-09-10 23:59:59'}, {'isDefault': 0, 'weeks': '第5周', 'startTime': '2023-08-28 00:00:00', 'endTime': '2023-09-03 23:59:59'}, {'isDefault': 0, 'weeks': '第6周', 'startTime': '2023-08-21 00:00:00', 'endTime': '2023-08-27 23:59:59'}, {'isDefault': 0, 'weeks': '第7周', 'startTime': '2023-08-14 00:00:00', 'endTime': '2023-08-20 23:59:59'}, {'isDefault': 0, 'weeks': '第8周', 'startTime': '2023-08-07 00:00:00', 'endTime': '2023-08-13 23:59:59'}, {'isDefault': 0, 'weeks': '第9周', 'startTime': '2023-07-31 00:00:00', 'endTime': '2023-08-06 23:59:59'}, {'isDefault': 0, 'weeks': '第10周', 'startTime': '2023-07-24 00:00:00', 'endTime': '2023-07-30 23:59:59'}, {'isDefault': 0, 'weeks': '第11周', 'startTime': '2023-07-17 00:00:00', 'endTime': '2023-07-23 23:59:59'}, {'isDefault': 0, 'weeks': '第12周', 'startTime': '2023-07-10 00:00:00', 'endTime': '2023-07-16 23:59:59'}, {'isDefault': 0, 'weeks': '第13周', 'startTime': '2023-07-03 00:00:00', 'endTime': '2023-07-09 23:59:59'}, {'isDefault': 0, 'weeks': '第14周', 'startTime': '2023-06-26 00:00:00', 'endTime': '2023-07-02 23:59:59'}, {'isDefault': 0, 'weeks': '第15周', 'startTime': '2023-06-19 00:00:00', 'endTime': '2023-06-25 23:59:59'}, {'isDefault': 0, 'weeks': '第16周', 'startTime': '2023-06-12 00:00:00', 'endTime': '2023-06-18 23:59:59'}, {'isDefault': 0, 'weeks': '第17周', 'startTime': '2023-06-05 00:00:00', 'endTime': '2023-06-11 23:59:59'}, {'isDefault': 0, 'weeks': '第18周', 'startTime': '2023-05-29 00:00:00', 'endTime': '2023-06-04 23:59:59'}], 'flag': 18}
2023-09-28 17:37:10,198 - INFO - 自动登录对于用户 18382895614
2023-09-28 17:37:13,770 - INFO - 自动获取18382895614plan_id
2023-09-28 17:37:13,771 - INFO - 用户：18382895614开始签到
2023-09-28 17:37:13,771 - INFO - 开始打卡
2023-09-28 17:37:13,771 - INFO - 用户：18382895614开始补交周报
2023-09-28 17:37:16,848 - INFO - {'code': 200, 'msg': 'success', 'data': [{'isDefault': 1, 'weeks': '第1周', 'startTime': '2023-09-25 00:00:00', 'endTime': '2023-10-01 23:59:59'}, {'isDefault': 0, 'weeks': '第2周', 'startTime': '2023-09-18 00:00:00', 'endTime': '2023-09-24 23:59:59'}, {'isDefault': 0, 'weeks': '第3周', 'startTime': '2023-09-11 00:00:00', 'endTime': '2023-09-17 23:59:59'}, {'isDefault': 0, 'weeks': '第4周', 'startTime': '2023-09-04 00:00:00', 'endTime': '2023-09-10 23:59:59'}, {'isDefault': 0, 'weeks': '第5周', 'startTime': '2023-08-28 00:00:00', 'endTime': '2023-09-03 23:59:59'}, {'isDefault': 0, 'weeks': '第6周', 'startTime': '2023-08-21 00:00:00', 'endTime': '2023-08-27 23:59:59'}, {'isDefault': 0, 'weeks': '第7周', 'startTime': '2023-08-14 00:00:00', 'endTime': '2023-08-20 23:59:59'}, {'isDefault': 0, 'weeks': '第8周', 'startTime': '2023-08-07 00:00:00', 'endTime': '2023-08-13 23:59:59'}, {'isDefault': 0, 'weeks': '第9周', 'startTime': '2023-07-31 00:00:00', 'endTime': '2023-08-06 23:59:59'}, {'isDefault': 0, 'weeks': '第10周', 'startTime': '2023-07-24 00:00:00', 'endTime': '2023-07-30 23:59:59'}, {'isDefault': 0, 'weeks': '第11周', 'startTime': '2023-07-17 00:00:00', 'endTime': '2023-07-23 23:59:59'}, {'isDefault': 0, 'weeks': '第12周', 'startTime': '2023-07-10 00:00:00', 'endTime': '2023-07-16 23:59:59'}, {'isDefault': 0, 'weeks': '第13周', 'startTime': '2023-07-03 00:00:00', 'endTime': '2023-07-09 23:59:59'}, {'isDefault': 0, 'weeks': '第14周', 'startTime': '2023-06-26 00:00:00', 'endTime': '2023-07-02 23:59:59'}, {'isDefault': 0, 'weeks': '第15周', 'startTime': '2023-06-19 00:00:00', 'endTime': '2023-06-25 23:59:59'}, {'isDefault': 0, 'weeks': '第16周', 'startTime': '2023-06-12 00:00:00', 'endTime': '2023-06-18 23:59:59'}, {'isDefault': 0, 'weeks': '第17周', 'startTime': '2023-06-05 00:00:00', 'endTime': '2023-06-11 23:59:59'}, {'isDefault': 0, 'weeks': '第18周', 'startTime': '2023-05-29 00:00:00', 'endTime': '2023-06-04 23:59:59'}], 'flag': 18}
2023-09-28 17:50:21,504 - INFO - 自动登录对于用户 18382895614
2023-09-28 17:50:25,046 - INFO - 自动获取18382895614plan_id
2023-09-28 17:50:25,047 - INFO - 用户：18382895614开始签到
2023-09-28 17:50:25,047 - INFO - 开始打卡
2023-09-28 17:50:25,047 - INFO - 用户：18382895614开始补交周报
2023-09-28 17:50:28,490 - INFO - {'code': 200, 'msg': 'success', 'data': [{'isDefault': 1, 'weeks': '第1周', 'startTime': '2023-09-25 00:00:00', 'endTime': '2023-10-01 23:59:59'}, {'isDefault': 0, 'weeks': '第2周', 'startTime': '2023-09-18 00:00:00', 'endTime': '2023-09-24 23:59:59'}, {'isDefault': 0, 'weeks': '第3周', 'startTime': '2023-09-11 00:00:00', 'endTime': '2023-09-17 23:59:59'}, {'isDefault': 0, 'weeks': '第4周', 'startTime': '2023-09-04 00:00:00', 'endTime': '2023-09-10 23:59:59'}, {'isDefault': 0, 'weeks': '第5周', 'startTime': '2023-08-28 00:00:00', 'endTime': '2023-09-03 23:59:59'}, {'isDefault': 0, 'weeks': '第6周', 'startTime': '2023-08-21 00:00:00', 'endTime': '2023-08-27 23:59:59'}, {'isDefault': 0, 'weeks': '第7周', 'startTime': '2023-08-14 00:00:00', 'endTime': '2023-08-20 23:59:59'}, {'isDefault': 0, 'weeks': '第8周', 'startTime': '2023-08-07 00:00:00', 'endTime': '2023-08-13 23:59:59'}, {'isDefault': 0, 'weeks': '第9周', 'startTime': '2023-07-31 00:00:00', 'endTime': '2023-08-06 23:59:59'}, {'isDefault': 0, 'weeks': '第10周', 'startTime': '2023-07-24 00:00:00', 'endTime': '2023-07-30 23:59:59'}, {'isDefault': 0, 'weeks': '第11周', 'startTime': '2023-07-17 00:00:00', 'endTime': '2023-07-23 23:59:59'}, {'isDefault': 0, 'weeks': '第12周', 'startTime': '2023-07-10 00:00:00', 'endTime': '2023-07-16 23:59:59'}, {'isDefault': 0, 'weeks': '第13周', 'startTime': '2023-07-03 00:00:00', 'endTime': '2023-07-09 23:59:59'}, {'isDefault': 0, 'weeks': '第14周', 'startTime': '2023-06-26 00:00:00', 'endTime': '2023-07-02 23:59:59'}, {'isDefault': 0, 'weeks': '第15周', 'startTime': '2023-06-19 00:00:00', 'endTime': '2023-06-25 23:59:59'}, {'isDefault': 0, 'weeks': '第16周', 'startTime': '2023-06-12 00:00:00', 'endTime': '2023-06-18 23:59:59'}, {'isDefault': 0, 'weeks': '第17周', 'startTime': '2023-06-05 00:00:00', 'endTime': '2023-06-11 23:59:59'}, {'isDefault': 0, 'weeks': '第18周', 'startTime': '2023-05-29 00:00:00', 'endTime': '2023-06-04 23:59:59'}], 'flag': 18}
2023-09-28 17:51:08,374 - INFO - 用户：18382895614{"code":500,"msg":"此时间段已经写过周记"}
2023-09-28 17:51:08,374 - INFO - 用户：18382895614此时间段已经写过周记，不需要再次写入。
2023-09-28 18:28:49,856 - INFO - 自动登录对于用户 18382895614
2023-09-28 18:29:14,728 - INFO - 自动获取18382895614plan_id
2023-09-28 18:29:14,729 - INFO - 用户：18382895614开始签到
2023-09-28 18:29:14,729 - INFO - 开始打卡
2023-09-28 18:29:23,510 - INFO - 用户：18382895614打卡成功
2023-09-28 18:29:24,753 - INFO - 用户：18382895614开始补交周报
